Sun Sep 15 12:44:14 2019:license key is:B4CR-4OGU-ZIMS-YS4Q

Sun Sep 15 12:44:14 2019:license file path is:D:\FaceOfflineSample\license.ini

Sun Sep 15 12:44:14 2019:auth result in dll is success

Sun Sep 15 12:44:14 2019:db path is:D:\FaceOfflineSample\db\face.db and db already exist

Sun Sep 15 12:44:14 2019:in sdk init create_db

Sun Sep 15 12:44:14 2019:out BaiduFaceApi::sdk_init and init success

Sat Sep 21 20:39:19 2019:license key is:B4CR-4OGU-ZIMS-YS4Q

Sat Sep 21 20:39:19 2019:license file path is:D:\FaceOfflineSample\license.ini

Sat Sep 21 20:39:19 2019:auth result in dll is success

Sat Sep 21 20:39:19 2019:db path is:D:\FaceOfflineSample\db\face.db and db already exist

Sat Sep 21 20:39:19 2019:in sdk init create_db

Sat Sep 21 20:39:19 2019:out BaiduFaceApi::sdk_init and init success

Sat Sep 21 20:40:48 2019:license key is:B4CR-4OGU-ZIMS-YS4Q

Sat Sep 21 20:40:48 2019:license file path is:D:\FaceOfflineSample\license.ini

Sat Sep 21 20:40:48 2019:auth result in dll is success

Sat Sep 21 20:40:48 2019:db path is:D:\FaceOfflineSample\db\face.db and db already exist

Sat Sep 21 20:40:48 2019:in sdk init create_db

Sat Sep 21 20:40:48 2019:out BaiduFaceApi::sdk_init and init success

Fri Oct 11 18:55:30 2019:license key is:B4CR-4OGU-ZIMS-YS4Q

Fri Oct 11 18:55:30 2019:license file path is:D:\FaceOfflineSample\license.ini

Fri Oct 11 18:55:30 2019:auth result in dll is success

Fri Oct 11 18:55:30 2019:db path is:D:\FaceOfflineSample\db\face.db and db already exist

Fri Oct 11 18:55:30 2019:in sdk init create_db

Fri Oct 11 18:55:30 2019:out BaiduFaceApi::sdk_init and init success

Fri Oct 11 18:56:40 2019:license key is:B4CR-4OGU-ZIMS-YS4Q

Fri Oct 11 18:56:40 2019:license file path is:D:\FaceOfflineSample\license.ini

Fri Oct 11 18:56:40 2019:auth result in dll is success

Fri Oct 11 18:56:40 2019:db path is:D:\FaceOfflineSample\db\face.db and db already exist

Fri Oct 11 18:56:40 2019:in sdk init create_db

Fri Oct 11 18:56:40 2019:out BaiduFaceApi::sdk_init and init success

Fri Oct 11 18:58:13 2019:license key is:B4CR-4OGU-ZIMS-YS4Q

Fri Oct 11 18:58:13 2019:license file path is:D:\FaceOfflineSample\license.ini

Fri Oct 11 18:58:13 2019:auth result in dll is success

Fri Oct 11 18:58:13 2019:db path is:D:\FaceOfflineSample\db\face.db and db already exist

Fri Oct 11 18:58:13 2019:in sdk init create_db

Fri Oct 11 18:58:13 2019:out BaiduFaceApi::sdk_init and init success

Fri Oct 11 18:58:31 2019:license key is:B4CR-4OGU-ZIMS-YS4Q

Fri Oct 11 18:58:31 2019:license file path is:D:\FaceOfflineSample\license.ini

Fri Oct 11 18:58:31 2019:auth result in dll is success

Fri Oct 11 18:58:31 2019:db path is:D:\FaceOfflineSample\db\face.db and db already exist

Fri Oct 11 18:58:31 2019:in sdk init create_db

Fri Oct 11 18:58:31 2019:out BaiduFaceApi::sdk_init and init success

Fri Oct 11 18:58:51 2019:license key is:B4CR-4OGU-ZIMS-YS4Q

Fri Oct 11 18:58:51 2019:license file path is:D:\FaceOfflineSample\license.ini

Fri Oct 11 18:58:51 2019:auth result in dll is success

Fri Oct 11 18:58:51 2019:db path is:D:\FaceOfflineSample\db\face.db and db already exist

Fri Oct 11 18:58:51 2019:in sdk init create_db

Fri Oct 11 18:58:51 2019:out BaiduFaceApi::sdk_init and init success

Mon Oct 14 12:09:05 2019:license key is:B4CR-4OGU-ZIMS-YS4Q

Mon Oct 14 12:09:05 2019:license file path is:D:\FaceOfflineSample\license.ini

Mon Oct 14 12:09:05 2019:auth result in dll is success

Mon Oct 14 12:09:05 2019:db path is:D:\FaceOfflineSample\db\face.db and db already exist

Mon Oct 14 12:09:05 2019:in sdk init create_db

Mon Oct 14 12:09:05 2019:out BaiduFaceApi::sdk_init and init success

Mon Oct 14 13:33:06 2019:license key is:B4CR-4OGU-ZIMS-YS4Q

Mon Oct 14 13:33:06 2019:license file path is:D:\FaceOfflineSample\license.ini

Mon Oct 14 13:33:06 2019:auth result in dll is success

Mon Oct 14 13:33:06 2019:db path is:D:\FaceOfflineSample\db\face.db and db already exist

Mon Oct 14 13:33:06 2019:in sdk init create_db

Mon Oct 14 13:33:06 2019:out BaiduFaceApi::sdk_init and init success

Mon Oct 14 13:33:27 2019:license key is:B4CR-4OGU-ZIMS-YS4Q

Mon Oct 14 13:33:27 2019:license file path is:D:\FaceOfflineSample\license.ini

Mon Oct 14 13:33:27 2019:auth result in dll is success

Mon Oct 14 13:33:27 2019:db path is:D:\FaceOfflineSample\db\face.db and db already exist

Mon Oct 14 13:33:27 2019:in sdk init create_db

Mon Oct 14 13:33:27 2019:out BaiduFaceApi::sdk_init and init success

Mon Oct 14 13:35:34 2019:license key is:B4CR-4OGU-ZIMS-YS4Q

Mon Oct 14 13:35:34 2019:license file path is:D:\FaceOfflineSample\license.ini

Mon Oct 14 13:35:34 2019:auth result in dll is success

Mon Oct 14 13:35:34 2019:db path is:D:\FaceOfflineSample\db\face.db and db already exist

Mon Oct 14 13:35:34 2019:in sdk init create_db

Mon Oct 14 13:35:34 2019:out BaiduFaceApi::sdk_init and init success

Mon Oct 14 13:36:33 2019:license key is:B4CR-4OGU-ZIMS-YS4Q

Mon Oct 14 13:36:33 2019:license file path is:D:\FaceOfflineSample\license.ini

Mon Oct 14 13:36:33 2019:auth result in dll is success

Mon Oct 14 13:36:33 2019:db path is:D:\FaceOfflineSample\db\face.db and db already exist

Mon Oct 14 13:36:33 2019:in sdk init create_db

Mon Oct 14 13:36:33 2019:out BaiduFaceApi::sdk_init and init success

Mon Oct 14 13:38:29 2019:license key is:B4CR-4OGU-ZIMS-YS4Q

Mon Oct 14 13:38:29 2019:license file path is:D:\FaceOfflineSample\license.ini

Mon Oct 14 13:38:29 2019:auth result in dll is success

Mon Oct 14 13:38:29 2019:db path is:D:\FaceOfflineSample\db\face.db and db already exist

Mon Oct 14 13:38:29 2019:in sdk init create_db

Mon Oct 14 13:38:29 2019:out BaiduFaceApi::sdk_init and init success

Wed Oct 16 11:24:47 2019:license key is:B4CR-4OGU-ZIMS-YS4Q

Wed Oct 16 11:24:47 2019:license file path is:D:\FaceOfflineSample\license.ini

Wed Oct 16 11:24:47 2019:auth result in dll is success

Wed Oct 16 11:24:47 2019:db path is:D:\FaceOfflineSample\db\face.db and db already exist

Wed Oct 16 11:24:47 2019:in sdk init create_db

Wed Oct 16 11:24:47 2019:out BaiduFaceApi::sdk_init and init success

Wed Oct 16 11:26:53 2019:license key is:B4CR-4OGU-ZIMS-YS4Q

Wed Oct 16 11:26:53 2019:license file path is:D:\FaceOfflineSample\license.ini

Wed Oct 16 11:26:53 2019:auth result in dll is success

Wed Oct 16 11:26:53 2019:db path is:D:\FaceOfflineSample\db\face.db and db already exist

Wed Oct 16 11:26:53 2019:in sdk init create_db

Wed Oct 16 11:26:53 2019:out BaiduFaceApi::sdk_init and init success

Wed Oct 16 11:27:58 2019:license key is:B4CR-4OGU-ZIMS-YS4Q

Wed Oct 16 11:27:58 2019:license file path is:D:\FaceOfflineSample\license.ini

Wed Oct 16 11:27:58 2019:auth result in dll is success

Wed Oct 16 11:27:58 2019:db path is:D:\FaceOfflineSample\db\face.db and db already exist

Wed Oct 16 11:27:58 2019:in sdk init create_db

Wed Oct 16 11:27:58 2019:out BaiduFaceApi::sdk_init and init success

Wed Oct 16 11:31:07 2019:license key is:B4CR-4OGU-ZIMS-YS4Q

Wed Oct 16 11:31:07 2019:license file path is:D:\FaceOfflineSample\license.ini

Wed Oct 16 11:31:07 2019:auth result in dll is success

Wed Oct 16 11:31:07 2019:db path is:D:\FaceOfflineSample\db\face.db and db already exist

Wed Oct 16 11:31:07 2019:in sdk init create_db

Wed Oct 16 11:31:07 2019:out BaiduFaceApi::sdk_init and init success

Wed Oct 16 11:34:56 2019:license key is:B4CR-4OGU-ZIMS-YS4Q

Wed Oct 16 11:34:56 2019:license file path is:D:\FaceOfflineSample\license.ini

Wed Oct 16 11:34:56 2019:auth result in dll is success

Wed Oct 16 11:34:56 2019:db path is:D:\FaceOfflineSample\db\face.db and db already exist

Wed Oct 16 11:34:56 2019:in sdk init create_db

Wed Oct 16 11:34:56 2019:out BaiduFaceApi::sdk_init and init success

Wed Oct 16 11:35:09 2019:license key is:B4CR-4OGU-ZIMS-YS4Q

Wed Oct 16 11:35:09 2019:license file path is:D:\FaceOfflineSample\license.ini

Wed Oct 16 11:35:09 2019:auth result in dll is success

Wed Oct 16 11:35:09 2019:db path is:D:\FaceOfflineSample\db\face.db and db already exist

Wed Oct 16 11:35:09 2019:in sdk init create_db

Wed Oct 16 11:35:09 2019:out BaiduFaceApi::sdk_init and init success

Wed Oct 16 11:35:22 2019:license key is:B4CR-4OGU-ZIMS-YS4Q

Wed Oct 16 11:35:22 2019:license file path is:D:\FaceOfflineSample\license.ini

Wed Oct 16 11:35:22 2019:auth result in dll is success

Wed Oct 16 11:35:22 2019:db path is:D:\FaceOfflineSample\db\face.db and db already exist

Wed Oct 16 11:35:22 2019:in sdk init create_db

Wed Oct 16 11:35:22 2019:out BaiduFaceApi::sdk_init and init success

Wed Oct 16 11:36:33 2019:license key is:B4CR-4OGU-ZIMS-YS4Q

Wed Oct 16 11:36:33 2019:license file path is:D:\FaceOfflineSample\license.ini

Wed Oct 16 11:36:33 2019:auth result in dll is success

Wed Oct 16 11:36:33 2019:db path is:D:\FaceOfflineSample\db\face.db and db already exist

Wed Oct 16 11:36:33 2019:in sdk init create_db

Wed Oct 16 11:36:33 2019:out BaiduFaceApi::sdk_init and init success

Wed Oct 16 11:36:47 2019:license key is:B4CR-4OGU-ZIMS-YS4Q

Wed Oct 16 11:36:47 2019:license file path is:D:\FaceOfflineSample\license.ini

Wed Oct 16 11:36:47 2019:auth result in dll is success

Wed Oct 16 11:36:47 2019:db path is:D:\FaceOfflineSample\db\face.db and db already exist

Wed Oct 16 11:36:47 2019:in sdk init create_db

Wed Oct 16 11:36:47 2019:out BaiduFaceApi::sdk_init and init success

Wed Oct 16 11:37:16 2019:license key is:B4CR-4OGU-ZIMS-YS4Q

Wed Oct 16 11:37:16 2019:license file path is:D:\FaceOfflineSample\license.ini

Wed Oct 16 11:37:16 2019:auth result in dll is success

Wed Oct 16 11:37:16 2019:db path is:D:\FaceOfflineSample\db\face.db and db already exist

Wed Oct 16 11:37:16 2019:in sdk init create_db

Wed Oct 16 11:37:16 2019:out BaiduFaceApi::sdk_init and init success

Wed Oct 16 11:37:41 2019:license key is:B4CR-4OGU-ZIMS-YS4Q

Wed Oct 16 11:37:41 2019:license file path is:D:\FaceOfflineSample\license.ini

Wed Oct 16 11:37:41 2019:auth result in dll is success

Wed Oct 16 11:37:41 2019:db path is:D:\FaceOfflineSample\db\face.db and db already exist

Wed Oct 16 11:37:41 2019:in sdk init create_db

Wed Oct 16 11:37:41 2019:out BaiduFaceApi::sdk_init and init success

Wed Oct 16 11:39:16 2019:license key is:B4CR-4OGU-ZIMS-YS4Q

Wed Oct 16 11:39:16 2019:license file path is:D:\FaceOfflineSample\license.ini

Wed Oct 16 11:39:16 2019:auth result in dll is success

Wed Oct 16 11:39:16 2019:db path is:D:\FaceOfflineSample\db\face.db and db already exist

Wed Oct 16 11:39:16 2019:in sdk init create_db

Wed Oct 16 11:39:16 2019:out BaiduFaceApi::sdk_init and init success

Wed Oct 16 11:41:23 2019:license key is:B4CR-4OGU-ZIMS-YS4Q

Wed Oct 16 11:41:23 2019:license file path is:D:\FaceOfflineSample\license.ini

Wed Oct 16 11:41:23 2019:auth result in dll is success

Wed Oct 16 11:41:23 2019:db path is:D:\FaceOfflineSample\db\face.db and db already exist

Wed Oct 16 11:41:23 2019:in sdk init create_db

Wed Oct 16 11:41:23 2019:out BaiduFaceApi::sdk_init and init success

Wed Oct 16 11:54:36 2019:license key is:B4CR-4OGU-ZIMS-YS4Q

Wed Oct 16 11:54:36 2019:license file path is:D:\FaceOfflineSample\license.ini

Wed Oct 16 11:54:36 2019:auth result in dll is success

Wed Oct 16 11:54:36 2019:db path is:D:\FaceOfflineSample\db\face.db and db already exist

Wed Oct 16 11:54:36 2019:in sdk init create_db

Wed Oct 16 11:54:36 2019:out BaiduFaceApi::sdk_init and init success

Wed Oct 16 11:54:52 2019:license key is:B4CR-4OGU-ZIMS-YS4Q

Wed Oct 16 11:54:52 2019:license file path is:D:\FaceOfflineSample\license.ini

Wed Oct 16 11:54:52 2019:auth result in dll is success

Wed Oct 16 11:54:52 2019:db path is:D:\FaceOfflineSample\db\face.db and db already exist

Wed Oct 16 11:54:52 2019:in sdk init create_db

Wed Oct 16 11:54:52 2019:out BaiduFaceApi::sdk_init and init success

Wed Oct 16 11:55:36 2019:license key is:B4CR-4OGU-ZIMS-YS4Q

Wed Oct 16 11:55:36 2019:license file path is:D:\FaceOfflineSample\license.ini

Wed Oct 16 11:55:36 2019:auth result in dll is success

Wed Oct 16 11:55:36 2019:db path is:D:\FaceOfflineSample\db\face.db and db already exist

Wed Oct 16 11:55:36 2019:in sdk init create_db

Wed Oct 16 11:55:36 2019:out BaiduFaceApi::sdk_init and init success

Wed Oct 16 11:56:23 2019:license key is:B4CR-4OGU-ZIMS-YS4Q

Wed Oct 16 11:56:23 2019:license file path is:D:\FaceOfflineSample\license.ini

Wed Oct 16 11:56:23 2019:auth result in dll is success

Wed Oct 16 11:56:23 2019:db path is:D:\FaceOfflineSample\db\face.db and db already exist

Wed Oct 16 11:56:23 2019:in sdk init create_db

Wed Oct 16 11:56:23 2019:out BaiduFaceApi::sdk_init and init success

Wed Oct 16 11:58:26 2019:license key is:B4CR-4OGU-ZIMS-YS4Q

Wed Oct 16 11:58:26 2019:license file path is:D:\FaceOfflineSample\license.ini

Wed Oct 16 11:58:26 2019:auth result in dll is success

Wed Oct 16 11:58:26 2019:db path is:D:\FaceOfflineSample\db\face.db and db already exist

Wed Oct 16 11:58:26 2019:in sdk init create_db

Wed Oct 16 11:58:26 2019:out BaiduFaceApi::sdk_init and init success

Wed Oct 16 11:58:51 2019:license key is:B4CR-4OGU-ZIMS-YS4Q

Wed Oct 16 11:58:51 2019:license file path is:D:\FaceOfflineSample\license.ini

Wed Oct 16 11:58:51 2019:auth result in dll is success

Wed Oct 16 11:58:51 2019:db path is:D:\FaceOfflineSample\db\face.db and db already exist

Wed Oct 16 11:58:51 2019:in sdk init create_db

Wed Oct 16 11:58:51 2019:out BaiduFaceApi::sdk_init and init success

Wed Oct 16 11:59:28 2019:license key is:B4CR-4OGU-ZIMS-YS4Q

Wed Oct 16 11:59:28 2019:license file path is:D:\FaceOfflineSample\license.ini

Wed Oct 16 11:59:28 2019:auth result in dll is success

Wed Oct 16 11:59:28 2019:db path is:D:\FaceOfflineSample\db\face.db and db already exist

Wed Oct 16 11:59:28 2019:in sdk init create_db

Wed Oct 16 11:59:28 2019:out BaiduFaceApi::sdk_init and init success

Wed Oct 16 11:59:50 2019:license key is:B4CR-4OGU-ZIMS-YS4Q

Wed Oct 16 11:59:50 2019:license file path is:D:\FaceOfflineSample\license.ini

Wed Oct 16 11:59:50 2019:auth result in dll is success

Wed Oct 16 11:59:50 2019:db path is:D:\FaceOfflineSample\db\face.db and db already exist

Wed Oct 16 11:59:50 2019:in sdk init create_db

Wed Oct 16 11:59:50 2019:out BaiduFaceApi::sdk_init and init success

Wed Oct 16 12:00:05 2019:license key is:B4CR-4OGU-ZIMS-YS4Q

Wed Oct 16 12:00:05 2019:license file path is:D:\FaceOfflineSample\license.ini

Wed Oct 16 12:00:05 2019:auth result in dll is success

Wed Oct 16 12:00:05 2019:db path is:D:\FaceOfflineSample\db\face.db and db already exist

Wed Oct 16 12:00:05 2019:in sdk init create_db

Wed Oct 16 12:00:05 2019:out BaiduFaceApi::sdk_init and init success

Wed Oct 16 12:00:23 2019:license key is:B4CR-4OGU-ZIMS-YS4Q

Wed Oct 16 12:00:23 2019:license file path is:D:\FaceOfflineSample\license.ini

Wed Oct 16 12:00:23 2019:auth result in dll is success

Wed Oct 16 12:00:23 2019:db path is:D:\FaceOfflineSample\db\face.db and db already exist

Wed Oct 16 12:00:23 2019:in sdk init create_db

Wed Oct 16 12:00:23 2019:out BaiduFaceApi::sdk_init and init success

Wed Oct 16 12:17:39 2019:license key is:B4CR-4OGU-ZIMS-YS4Q

Wed Oct 16 12:17:39 2019:license file path is:D:\FaceOfflineSample\license.ini

Wed Oct 16 12:17:39 2019:auth result in dll is success

Wed Oct 16 12:17:39 2019:db path is:D:\FaceOfflineSample\db\face.db and db already exist

Wed Oct 16 12:17:39 2019:in sdk init create_db

Wed Oct 16 12:17:39 2019:out BaiduFaceApi::sdk_init and init success

Wed Oct 16 12:18:00 2019:license key is:B4CR-4OGU-ZIMS-YS4Q

Wed Oct 16 12:18:00 2019:license file path is:D:\FaceOfflineSample\license.ini

Wed Oct 16 12:18:00 2019:auth result in dll is success

Wed Oct 16 12:18:00 2019:db path is:D:\FaceOfflineSample\db\face.db and db already exist

Wed Oct 16 12:18:00 2019:in sdk init create_db

Wed Oct 16 12:18:00 2019:out BaiduFaceApi::sdk_init and init success

Wed Oct 16 14:27:57 2019:license key is:B4CR-4OGU-ZIMS-YS4Q

Wed Oct 16 14:27:57 2019:license file path is:D:\FaceOfflineSample\license.ini

Wed Oct 16 14:27:57 2019:auth result in dll is success

Wed Oct 16 14:27:57 2019:db path is:D:\FaceOfflineSample\db\face.db and db already exist

Wed Oct 16 14:27:57 2019:in sdk init create_db

Wed Oct 16 14:27:57 2019:out BaiduFaceApi::sdk_init and init success

Wed Oct 16 14:41:21 2019:license key is:B4CR-4OGU-ZIMS-YS4Q

Wed Oct 16 14:41:21 2019:license file path is:D:\FaceOfflineSample\license.ini

Wed Oct 16 14:41:21 2019:auth result in dll is success

Wed Oct 16 14:41:21 2019:db path is:D:\FaceOfflineSample\db\face.db and db already exist

Wed Oct 16 14:41:21 2019:in sdk init create_db

Wed Oct 16 14:41:21 2019:out BaiduFaceApi::sdk_init and init success

Wed Oct 16 14:41:39 2019:license key is:B4CR-4OGU-ZIMS-YS4Q

Wed Oct 16 14:41:39 2019:license file path is:D:\FaceOfflineSample\license.ini

Wed Oct 16 14:41:39 2019:auth result in dll is success

Wed Oct 16 14:41:39 2019:db path is:D:\FaceOfflineSample\db\face.db and db already exist

Wed Oct 16 14:41:39 2019:in sdk init create_db

Wed Oct 16 14:41:39 2019:out BaiduFaceApi::sdk_init and init success

Wed Oct 16 14:41:56 2019:license key is:B4CR-4OGU-ZIMS-YS4Q

Wed Oct 16 14:41:56 2019:license file path is:D:\FaceOfflineSample\license.ini

Wed Oct 16 14:41:56 2019:auth result in dll is success

Wed Oct 16 14:41:56 2019:db path is:D:\FaceOfflineSample\db\face.db and db already exist

Wed Oct 16 14:41:56 2019:in sdk init create_db

Wed Oct 16 14:41:56 2019:out BaiduFaceApi::sdk_init and init success

Wed Oct 16 14:56:46 2019:license key is:B4CR-4OGU-ZIMS-YS4Q

Wed Oct 16 14:56:46 2019:license file path is:D:\FaceOfflineSample\license.ini

Wed Oct 16 14:56:46 2019:auth result in dll is success

Wed Oct 16 14:56:46 2019:db path is:D:\FaceOfflineSample\db\face.db and db already exist

Wed Oct 16 14:56:46 2019:in sdk init create_db

Wed Oct 16 14:56:46 2019:out BaiduFaceApi::sdk_init and init success

Wed Oct 16 14:57:04 2019:license key is:B4CR-4OGU-ZIMS-YS4Q

Wed Oct 16 14:57:04 2019:license file path is:D:\FaceOfflineSample\license.ini

Wed Oct 16 14:57:04 2019:auth result in dll is success

Wed Oct 16 14:57:04 2019:db path is:D:\FaceOfflineSample\db\face.db and db already exist

Wed Oct 16 14:57:04 2019:in sdk init create_db

Wed Oct 16 14:57:04 2019:out BaiduFaceApi::sdk_init and init success

Wed Oct 16 15:14:43 2019:license key is:B4CR-4OGU-ZIMS-YS4Q

Wed Oct 16 15:14:43 2019:license file path is:D:\FaceOfflineSample\license.ini

Wed Oct 16 15:14:43 2019:auth result in dll is success

Wed Oct 16 15:14:43 2019:db path is:D:\FaceOfflineSample\db\face.db and db already exist

Wed Oct 16 15:14:43 2019:in sdk init create_db

Wed Oct 16 15:14:43 2019:out BaiduFaceApi::sdk_init and init success

Wed Oct 16 15:17:57 2019:license key is:B4CR-4OGU-ZIMS-YS4Q

Wed Oct 16 15:17:57 2019:license file path is:D:\FaceOfflineSample\license.ini

Wed Oct 16 15:17:57 2019:auth result in dll is success

Wed Oct 16 15:17:57 2019:db path is:D:\FaceOfflineSample\db\face.db and db already exist

Wed Oct 16 15:17:57 2019:in sdk init create_db

Wed Oct 16 15:17:57 2019:out BaiduFaceApi::sdk_init and init success

Wed Oct 16 15:41:26 2019:license key is:B4CR-4OGU-ZIMS-YS4Q

Wed Oct 16 15:41:26 2019:license file path is:D:\FaceOfflineSample\license.ini

Wed Oct 16 15:41:26 2019:auth result in dll is success

Wed Oct 16 15:41:26 2019:db path is:D:\FaceOfflineSample\db\face.db and db already exist

Wed Oct 16 15:41:26 2019:in sdk init create_db

Wed Oct 16 15:41:26 2019:out BaiduFaceApi::sdk_init and init success

Wed Oct 16 16:04:31 2019:license key is:B4CR-4OGU-ZIMS-YS4Q

Wed Oct 16 16:04:31 2019:license file path is:D:\FaceOfflineSample\license.ini

Wed Oct 16 16:04:31 2019:auth result in dll is success

Wed Oct 16 16:04:31 2019:db path is:D:\FaceOfflineSample\db\face.db and db already exist

Wed Oct 16 16:04:31 2019:in sdk init create_db

Wed Oct 16 16:04:31 2019:out BaiduFaceApi::sdk_init and init success

Wed Oct 16 16:10:07 2019:license key is:B4CR-4OGU-ZIMS-YS4Q

Wed Oct 16 16:10:07 2019:license file path is:D:\FaceOfflineSample\license.ini

Wed Oct 16 16:10:07 2019:auth result in dll is success

Wed Oct 16 16:10:07 2019:db path is:D:\FaceOfflineSample\db\face.db and db already exist

Wed Oct 16 16:10:07 2019:in sdk init create_db

Wed Oct 16 16:10:07 2019:out BaiduFaceApi::sdk_init and init success

Wed Oct 16 16:12:14 2019:license key is:B4CR-4OGU-ZIMS-YS4Q

Wed Oct 16 16:12:14 2019:license file path is:D:\FaceOfflineSample\license.ini

Wed Oct 16 16:12:14 2019:auth result in dll is success

Wed Oct 16 16:12:14 2019:db path is:D:\FaceOfflineSample\db\face.db and db already exist

Wed Oct 16 16:12:14 2019:in sdk init create_db

Wed Oct 16 16:12:14 2019:out BaiduFaceApi::sdk_init and init success

Wed Oct 16 16:13:18 2019:license key is:B4CR-4OGU-ZIMS-YS4Q

Wed Oct 16 16:13:18 2019:license file path is:D:\FaceOfflineSample\license.ini

Wed Oct 16 16:13:18 2019:auth result in dll is success

Wed Oct 16 16:13:18 2019:db path is:D:\FaceOfflineSample\db\face.db and db already exist

Wed Oct 16 16:13:18 2019:in sdk init create_db

Wed Oct 16 16:13:18 2019:out BaiduFaceApi::sdk_init and init success

Wed Oct 16 17:00:16 2019:license key is:B4CR-4OGU-ZIMS-YS4Q

Wed Oct 16 17:00:16 2019:license file path is:D:\FaceOfflineSample\license.ini

Wed Oct 16 17:00:16 2019:auth result in dll is success

Wed Oct 16 17:00:16 2019:db path is:D:\FaceOfflineSample\db\face.db and db already exist

Wed Oct 16 17:00:16 2019:in sdk init create_db

Wed Oct 16 17:00:16 2019:out BaiduFaceApi::sdk_init and init success

Wed Oct 16 17:00:38 2019:license key is:B4CR-4OGU-ZIMS-YS4Q

Wed Oct 16 17:00:38 2019:license file path is:D:\FaceOfflineSample\license.ini

Wed Oct 16 17:00:38 2019:auth result in dll is success

Wed Oct 16 17:00:38 2019:db path is:D:\FaceOfflineSample\db\face.db and db already exist

Wed Oct 16 17:00:38 2019:in sdk init create_db

Wed Oct 16 17:00:38 2019:out BaiduFaceApi::sdk_init and init success

Wed Oct 16 17:02:02 2019:license key is:B4CR-4OGU-ZIMS-YS4Q

Wed Oct 16 17:02:02 2019:license file path is:D:\FaceOfflineSample\license.ini

Wed Oct 16 17:02:02 2019:auth result in dll is success

Wed Oct 16 17:02:02 2019:db path is:D:\FaceOfflineSample\db\face.db and db already exist

Wed Oct 16 17:02:02 2019:in sdk init create_db

Wed Oct 16 17:02:02 2019:out BaiduFaceApi::sdk_init and init success

Wed Oct 16 17:03:25 2019:license key is:B4CR-4OGU-ZIMS-YS4Q

Wed Oct 16 17:03:25 2019:license file path is:D:\FaceOfflineSample\license.ini

Wed Oct 16 17:03:25 2019:auth result in dll is success

Wed Oct 16 17:03:25 2019:db path is:D:\FaceOfflineSample\db\face.db and db already exist

Wed Oct 16 17:03:25 2019:in sdk init create_db

Wed Oct 16 17:03:25 2019:out BaiduFaceApi::sdk_init and init success

Wed Oct 16 17:15:06 2019:license key is:B4CR-4OGU-ZIMS-YS4Q

Wed Oct 16 17:15:06 2019:license file path is:D:\FaceOfflineSample\license.ini

Wed Oct 16 17:15:06 2019:auth result in dll is success

Wed Oct 16 17:15:06 2019:db path is:D:\FaceOfflineSample\db\face.db and db already exist

Wed Oct 16 17:15:06 2019:in sdk init create_db

Wed Oct 16 17:15:06 2019:out BaiduFaceApi::sdk_init and init success

Wed Oct 16 17:25:43 2019:license key is:B4CR-4OGU-ZIMS-YS4Q

Wed Oct 16 17:25:43 2019:license file path is:D:\FaceOfflineSample\license.ini

Wed Oct 16 17:25:43 2019:auth result in dll is success

Wed Oct 16 17:25:43 2019:db path is:D:\FaceOfflineSample\db\face.db and db already exist

Wed Oct 16 17:25:43 2019:in sdk init create_db

Wed Oct 16 17:25:43 2019:out BaiduFaceApi::sdk_init and init success

Wed Oct 16 17:40:43 2019:license key is:B4CR-4OGU-ZIMS-YS4Q

Wed Oct 16 17:40:43 2019:license file path is:D:\FaceOfflineSample\license.ini

Wed Oct 16 17:40:43 2019:auth result in dll is success

Wed Oct 16 17:40:43 2019:db path is:D:\FaceOfflineSample\db\face.db and db already exist

Wed Oct 16 17:40:43 2019:in sdk init create_db

Wed Oct 16 17:40:43 2019:out BaiduFaceApi::sdk_init and init success

Wed Oct 16 17:43:22 2019:license key is:B4CR-4OGU-ZIMS-YS4Q

Wed Oct 16 17:43:22 2019:license file path is:D:\FaceOfflineSample\license.ini

Wed Oct 16 17:43:22 2019:auth result in dll is success

Wed Oct 16 17:43:22 2019:db path is:D:\FaceOfflineSample\db\face.db and begin create tables

Wed Oct 16 17:43:23 2019:in sdk init create_db

Wed Oct 16 17:43:23 2019:out BaiduFaceApi::sdk_init and init success

Wed Oct 16 17:50:06 2019:license key is:B4CR-4OGU-ZIMS-YS4Q

Wed Oct 16 17:50:06 2019:license file path is:D:\FaceOfflineSample\license.ini

Wed Oct 16 17:50:06 2019:auth result in dll is success

Wed Oct 16 17:50:06 2019:db path is:D:\FaceOfflineSample\db\face.db and db already exist

Wed Oct 16 17:50:06 2019:in sdk init create_db

Wed Oct 16 17:50:06 2019:out BaiduFaceApi::sdk_init and init success

Wed Oct 16 17:55:10 2019:license key is:B4CR-4OGU-ZIMS-YS4Q

Wed Oct 16 17:55:10 2019:license file path is:D:\FaceOfflineSample\license.ini

Wed Oct 16 17:55:10 2019:auth result in dll is success

Wed Oct 16 17:55:10 2019:db path is:D:\FaceOfflineSample\db\face.db and db already exist

Wed Oct 16 17:55:10 2019:in sdk init create_db

Wed Oct 16 17:55:10 2019:out BaiduFaceApi::sdk_init and init success

Wed Oct 16 18:17:42 2019:license key is:B4CR-4OGU-ZIMS-YS4Q

Wed Oct 16 18:17:42 2019:license file path is:D:\FaceOfflineSample\license.ini

Wed Oct 16 18:17:42 2019:auth result in dll is success

Wed Oct 16 18:17:42 2019:db path is:D:\FaceOfflineSample\db\face.db and begin create tables

Wed Oct 16 18:17:43 2019:in sdk init create_db

Wed Oct 16 18:17:43 2019:out BaiduFaceApi::sdk_init and init success

Wed Oct 16 18:30:16 2019:license key is:B4CR-4OGU-ZIMS-YS4Q

Wed Oct 16 18:30:16 2019:license file path is:D:\FaceOfflineSample\license.ini

Wed Oct 16 18:30:16 2019:auth result in dll is success

Wed Oct 16 18:30:16 2019:db path is:D:\FaceOfflineSample\db\face.db and db already exist

Wed Oct 16 18:30:16 2019:in sdk init create_db

Wed Oct 16 18:30:16 2019:out BaiduFaceApi::sdk_init and init success

Wed Oct 16 20:18:24 2019:license key is:B4CR-4OGU-ZIMS-YS4Q

Wed Oct 16 20:18:24 2019:license file path is:D:\FaceOfflineSample\license.ini

Wed Oct 16 20:18:24 2019:auth result in dll is success

Wed Oct 16 20:18:24 2019:db path is:D:\FaceOfflineSample\db\face.db and db already exist

Wed Oct 16 20:18:24 2019:in sdk init create_db

Wed Oct 16 20:18:24 2019:out BaiduFaceApi::sdk_init and init success

Wed Oct 16 20:23:35 2019:license key is:B4CR-4OGU-ZIMS-YS4Q

Wed Oct 16 20:23:35 2019:license file path is:D:\FaceOfflineSample\license.ini

Wed Oct 16 20:23:35 2019:auth result in dll is success

Wed Oct 16 20:23:35 2019:db path is:D:\FaceOfflineSample\db\face.db and db already exist

Wed Oct 16 20:23:35 2019:in sdk init create_db

Wed Oct 16 20:23:35 2019:out BaiduFaceApi::sdk_init and init success

Wed Oct 16 20:27:12 2019:license key is:B4CR-4OGU-ZIMS-YS4Q

Wed Oct 16 20:27:12 2019:license file path is:D:\FaceOfflineSample\license.ini

Wed Oct 16 20:27:12 2019:auth result in dll is success

Wed Oct 16 20:27:12 2019:db path is:D:\FaceOfflineSample\db\face.db and db already exist

Wed Oct 16 20:27:12 2019:in sdk init create_db

Wed Oct 16 20:27:12 2019:out BaiduFaceApi::sdk_init and init success

Wed Oct 16 20:27:50 2019:license key is:B4CR-4OGU-ZIMS-YS4Q

Wed Oct 16 20:27:50 2019:license file path is:D:\FaceOfflineSample\license.ini

Wed Oct 16 20:27:50 2019:auth result in dll is success

Wed Oct 16 20:27:50 2019:db path is:D:\FaceOfflineSample\db\face.db and db already exist

Wed Oct 16 20:27:50 2019:in sdk init create_db

Wed Oct 16 20:27:50 2019:out BaiduFaceApi::sdk_init and init success

Wed Oct 16 20:28:11 2019:license key is:B4CR-4OGU-ZIMS-YS4Q

Wed Oct 16 20:28:11 2019:license file path is:D:\FaceOfflineSample\license.ini

Wed Oct 16 20:28:11 2019:auth result in dll is success

Wed Oct 16 20:28:11 2019:db path is:D:\FaceOfflineSample\db\face.db and db already exist

Wed Oct 16 20:28:11 2019:in sdk init create_db

Wed Oct 16 20:28:11 2019:out BaiduFaceApi::sdk_init and init success

Wed Oct 16 20:40:05 2019:license key is:B4CR-4OGU-ZIMS-YS4Q

Wed Oct 16 20:40:05 2019:license file path is:D:\FaceOfflineSample\license.ini

Wed Oct 16 20:40:05 2019:auth result in dll is success

Wed Oct 16 20:40:05 2019:db path is:D:\FaceOfflineSample\db\face.db and db already exist

Wed Oct 16 20:40:05 2019:in sdk init create_db

Wed Oct 16 20:40:05 2019:out BaiduFaceApi::sdk_init and init success

Wed Oct 16 20:41:09 2019:license key is:B4CR-4OGU-ZIMS-YS4Q

Wed Oct 16 20:41:09 2019:license file path is:D:\FaceOfflineSample\license.ini

Wed Oct 16 20:41:09 2019:auth result in dll is success

Wed Oct 16 20:41:09 2019:db path is:D:\FaceOfflineSample\db\face.db and db already exist

Wed Oct 16 20:41:09 2019:in sdk init create_db

Wed Oct 16 20:41:09 2019:out BaiduFaceApi::sdk_init and init success

Wed Oct 16 20:44:57 2019:license key is:B4CR-4OGU-ZIMS-YS4Q

Wed Oct 16 20:44:57 2019:license file path is:D:\FaceOfflineSample\license.ini

Wed Oct 16 20:44:57 2019:auth result in dll is success

Wed Oct 16 20:44:57 2019:db path is:D:\FaceOfflineSample\db\face.db and db already exist

Wed Oct 16 20:44:57 2019:in sdk init create_db

Wed Oct 16 20:44:57 2019:out BaiduFaceApi::sdk_init and init success

Wed Oct 16 20:57:18 2019:license key is:B4CR-4OGU-ZIMS-YS4Q

Wed Oct 16 20:57:18 2019:license file path is:D:\FaceOfflineSample\license.ini

Wed Oct 16 20:57:18 2019:auth result in dll is success

Wed Oct 16 20:57:18 2019:db path is:D:\FaceOfflineSample\db\face.db and db already exist

Wed Oct 16 20:57:18 2019:in sdk init create_db

Wed Oct 16 20:57:18 2019:out BaiduFaceApi::sdk_init and init success

Wed Oct 16 21:07:46 2019:license key is:B4CR-4OGU-ZIMS-YS4Q

Wed Oct 16 21:07:46 2019:license file path is:D:\FaceOfflineSample\license.ini

Wed Oct 16 21:07:46 2019:auth result in dll is success

Wed Oct 16 21:07:46 2019:db path is:D:\FaceOfflineSample\db\face.db and db already exist

Wed Oct 16 21:07:46 2019:in sdk init create_db

Wed Oct 16 21:07:46 2019:out BaiduFaceApi::sdk_init and init success

Wed Oct 16 21:13:48 2019:license key is:B4CR-4OGU-ZIMS-YS4Q

Wed Oct 16 21:13:48 2019:license file path is:D:\FaceOfflineSample\license.ini

Wed Oct 16 21:13:48 2019:auth result in dll is success

Wed Oct 16 21:13:48 2019:db path is:D:\FaceOfflineSample\db\face.db and db already exist

Wed Oct 16 21:13:48 2019:in sdk init create_db

Wed Oct 16 21:13:48 2019:out BaiduFaceApi::sdk_init and init success

Wed Oct 16 21:32:50 2019:license key is:B4CR-4OGU-ZIMS-YS4Q

Wed Oct 16 21:32:50 2019:license file path is:D:\FaceOfflineSample\license.ini

Wed Oct 16 21:32:50 2019:auth result in dll is success

Wed Oct 16 21:32:50 2019:db path is:D:\FaceOfflineSample\db\face.db and db already exist

Wed Oct 16 21:32:50 2019:in sdk init create_db

Wed Oct 16 21:32:50 2019:out BaiduFaceApi::sdk_init and init success

Wed Oct 16 21:39:26 2019:license key is:B4CR-4OGU-ZIMS-YS4Q

Wed Oct 16 21:39:26 2019:license file path is:D:\FaceOfflineSample\license.ini

Wed Oct 16 21:39:26 2019:auth result in dll is success

Wed Oct 16 21:39:26 2019:db path is:D:\FaceOfflineSample\db\face.db and begin create tables

Wed Oct 16 21:39:27 2019:in sdk init create_db

Wed Oct 16 21:39:27 2019:out BaiduFaceApi::sdk_init and init success

Thu Oct 17 10:17:15 2019:license key is:B4CR-4OGU-ZIMS-YS4Q

Thu Oct 17 10:17:15 2019:license file path is:D:\FaceOfflineSample\license.ini

Thu Oct 17 10:17:15 2019:auth result in dll is success

Thu Oct 17 10:17:15 2019:db path is:D:\FaceOfflineSample\db\face.db and db already exist

Thu Oct 17 10:17:15 2019:in sdk init create_db

Thu Oct 17 10:17:15 2019:out BaiduFaceApi::sdk_init and init success

Thu Oct 17 10:41:07 2019:license key is:B4CR-4OGU-ZIMS-YS4Q

Thu Oct 17 10:41:07 2019:license file path is:D:\FaceOfflineSample\license.ini

Thu Oct 17 10:41:07 2019:auth result in dll is success

Thu Oct 17 10:41:07 2019:db path is:D:\FaceOfflineSample\db\face.db and db already exist

Thu Oct 17 10:41:07 2019:in sdk init create_db

Thu Oct 17 10:41:07 2019:out BaiduFaceApi::sdk_init and init success

Thu Oct 17 10:42:23 2019:license key is:B4CR-4OGU-ZIMS-YS4Q

Thu Oct 17 10:42:23 2019:license file path is:D:\FaceOfflineSample\license.ini

Thu Oct 17 10:42:23 2019:auth result in dll is success

Thu Oct 17 10:42:23 2019:db path is:D:\FaceOfflineSample\db\face.db and begin create tables

Thu Oct 17 10:42:24 2019:in sdk init create_db

Thu Oct 17 10:42:24 2019:out BaiduFaceApi::sdk_init and init success

Thu Oct 17 10:45:14 2019:license key is:B4CR-4OGU-ZIMS-YS4Q

Thu Oct 17 10:45:14 2019:license file path is:D:\FaceOfflineSample\license.ini

Thu Oct 17 10:45:14 2019:auth result in dll is success

Thu Oct 17 10:45:14 2019:db path is:D:\FaceOfflineSample\db\face.db and begin create tables

Thu Oct 17 10:45:15 2019:in sdk init create_db

Thu Oct 17 10:45:15 2019:out BaiduFaceApi::sdk_init and init success

Thu Oct 17 10:50:34 2019:license key is:B4CR-4OGU-ZIMS-YS4Q

Thu Oct 17 10:50:34 2019:license file path is:D:\FaceOfflineSample\license.ini

Thu Oct 17 10:50:34 2019:auth result in dll is success

Thu Oct 17 10:50:34 2019:db path is:D:\FaceOfflineSample\db\face.db and db already exist

Thu Oct 17 10:50:34 2019:in sdk init create_db

Thu Oct 17 10:50:34 2019:out BaiduFaceApi::sdk_init and init success

Thu Oct 17 10:51:18 2019:license key is:B4CR-4OGU-ZIMS-YS4Q

Thu Oct 17 10:51:18 2019:license file path is:D:\FaceOfflineSample\license.ini

Thu Oct 17 10:51:18 2019:auth result in dll is success

Thu Oct 17 10:51:18 2019:db path is:D:\FaceOfflineSample\db\face.db and begin create tables

Thu Oct 17 10:51:19 2019:in sdk init create_db

Thu Oct 17 10:51:19 2019:out BaiduFaceApi::sdk_init and init success

Thu Oct 17 10:53:46 2019:license key is:B4CR-4OGU-ZIMS-YS4Q

Thu Oct 17 10:53:46 2019:license file path is:D:\FaceOfflineSample\license.ini

Thu Oct 17 10:53:46 2019:auth result in dll is success

Thu Oct 17 10:53:46 2019:db path is:D:\FaceOfflineSample\db\face.db and begin create tables

Thu Oct 17 10:53:47 2019:in sdk init create_db

Thu Oct 17 10:53:47 2019:out BaiduFaceApi::sdk_init and init success

Thu Oct 17 10:58:35 2019:license key is:B4CR-4OGU-ZIMS-YS4Q

Thu Oct 17 10:58:35 2019:license file path is:D:\FaceOfflineSample\license.ini

Thu Oct 17 10:58:35 2019:auth result in dll is success

Thu Oct 17 10:58:35 2019:db path is:D:\FaceOfflineSample\db\face.db and begin create tables

Thu Oct 17 10:58:36 2019:in sdk init create_db

Thu Oct 17 10:58:36 2019:out BaiduFaceApi::sdk_init and init success

Thu Oct 17 11:02:32 2019:license key is:B4CR-4OGU-ZIMS-YS4Q

Thu Oct 17 11:02:32 2019:license file path is:D:\FaceOfflineSample\license.ini

Thu Oct 17 11:02:32 2019:auth result in dll is success

Thu Oct 17 11:02:32 2019:db path is:D:\FaceOfflineSample\db\face.db and begin create tables

Thu Oct 17 11:02:33 2019:in sdk init create_db

Thu Oct 17 11:02:33 2019:out BaiduFaceApi::sdk_init and init success

Thu Oct 17 11:05:26 2019:license key is:B4CR-4OGU-ZIMS-YS4Q

Thu Oct 17 11:05:26 2019:license file path is:D:\FaceOfflineSample\license.ini

Thu Oct 17 11:05:26 2019:auth result in dll is success

Thu Oct 17 11:05:26 2019:db path is:D:\FaceOfflineSample\db\face.db and begin create tables

Thu Oct 17 11:05:27 2019:in sdk init create_db

Thu Oct 17 11:05:27 2019:out BaiduFaceApi::sdk_init and init success

Thu Oct 17 11:05:39 2019:license key is:B4CR-4OGU-ZIMS-YS4Q

Thu Oct 17 11:05:39 2019:license file path is:D:\FaceOfflineSample\license.ini

Thu Oct 17 11:05:39 2019:auth result in dll is success

Thu Oct 17 11:05:39 2019:db path is:D:\FaceOfflineSample\db\face.db and db already exist

Thu Oct 17 11:05:39 2019:in sdk init create_db

Thu Oct 17 11:05:39 2019:out BaiduFaceApi::sdk_init and init success

Thu Oct 17 21:43:07 2019:license key is:B4CR-4OGU-ZIMS-YS4Q

Thu Oct 17 21:43:07 2019:license file path is:D:\FaceOfflineSample\license.ini

Thu Oct 17 21:43:07 2019:auth result in dll is success

Thu Oct 17 21:43:07 2019:db path is:D:\FaceOfflineSample\db\face.db and db already exist

Thu Oct 17 21:43:07 2019:in sdk init create_db

Thu Oct 17 21:43:07 2019:out BaiduFaceApi::sdk_init and init success

Thu Oct 17 21:46:05 2019:license key is:B4CR-4OGU-ZIMS-YS4Q

Thu Oct 17 21:46:05 2019:license file path is:D:\FaceOfflineSample\license.ini

Thu Oct 17 21:46:05 2019:auth result in dll is success

Thu Oct 17 21:46:05 2019:db path is:D:\FaceOfflineSample\db\face.db and db already exist

Thu Oct 17 21:46:05 2019:in sdk init create_db

Thu Oct 17 21:46:05 2019:out BaiduFaceApi::sdk_init and init success

Fri Oct 18 18:46:31 2019:license key is:B4CR-4OGU-ZIMS-YS4Q

Fri Oct 18 18:46:31 2019:license file path is:D:\FaceOfflineSample\license.ini

Fri Oct 18 18:46:31 2019:auth result in dll is success

Fri Oct 18 18:46:31 2019:db path is:D:\FaceOfflineSample\db\face.db and db already exist

Fri Oct 18 18:46:31 2019:in sdk init create_db

Fri Oct 18 18:46:31 2019:out BaiduFaceApi::sdk_init and init success

Wed Oct 23 13:12:46 2019:license key is:B4CR-4OGU-ZIMS-YS4Q

Wed Oct 23 13:12:46 2019:license file path is:D:\FaceOfflineSample\license.ini

Wed Oct 23 13:12:46 2019:auth result in dll is success

Wed Oct 23 13:12:46 2019:db path is:D:\FaceOfflineSample\db\face.db and db already exist

Wed Oct 23 13:12:46 2019:in sdk init create_db

Wed Oct 23 13:12:46 2019:out BaiduFaceApi::sdk_init and init success

Wed Oct 23 13:13:16 2019:license key is:B4CR-4OGU-ZIMS-YS4Q

Wed Oct 23 13:13:16 2019:license file path is:D:\FaceOfflineSample\license.ini

Wed Oct 23 13:13:16 2019:auth result in dll is success

Wed Oct 23 13:13:16 2019:db path is:D:\FaceOfflineSample\db\face.db and db already exist

Wed Oct 23 13:13:16 2019:in sdk init create_db

Wed Oct 23 13:13:16 2019:out BaiduFaceApi::sdk_init and init success

Wed Oct 23 13:13:38 2019:license key is:B4CR-4OGU-ZIMS-YS4Q

Wed Oct 23 13:13:38 2019:license file path is:D:\FaceOfflineSample\license.ini

Wed Oct 23 13:13:38 2019:auth result in dll is success

Wed Oct 23 13:13:38 2019:db path is:D:\FaceOfflineSample\db\face.db and db already exist

Wed Oct 23 13:13:38 2019:in sdk init create_db

Wed Oct 23 13:13:38 2019:out BaiduFaceApi::sdk_init and init success

Wed Oct 23 13:14:35 2019:license key is:B4CR-4OGU-ZIMS-YS4Q

Wed Oct 23 13:14:35 2019:license file path is:D:\FaceOfflineSample\license.ini

Wed Oct 23 13:14:35 2019:auth result in dll is success

Wed Oct 23 13:14:35 2019:db path is:D:\FaceOfflineSample\db\face.db and db already exist

Wed Oct 23 13:14:35 2019:in sdk init create_db

Wed Oct 23 13:14:35 2019:out BaiduFaceApi::sdk_init and init success

Wed Oct 23 13:15:55 2019:license key is:B4CR-4OGU-ZIMS-YS4Q

Wed Oct 23 13:15:55 2019:license file path is:D:\FaceOfflineSample\license.ini

Wed Oct 23 13:15:55 2019:auth result in dll is success

Wed Oct 23 13:15:55 2019:db path is:D:\FaceOfflineSample\db\face.db and db already exist

Wed Oct 23 13:15:55 2019:in sdk init create_db

Wed Oct 23 13:15:55 2019:out BaiduFaceApi::sdk_init and init success

Wed Oct 23 13:16:37 2019:license key is:B4CR-4OGU-ZIMS-YS4Q

Wed Oct 23 13:16:37 2019:license file path is:D:\FaceOfflineSample\license.ini

Wed Oct 23 13:16:37 2019:auth result in dll is success

Wed Oct 23 13:16:37 2019:db path is:D:\FaceOfflineSample\db\face.db and db already exist

Wed Oct 23 13:16:37 2019:in sdk init create_db

Wed Oct 23 13:16:37 2019:out BaiduFaceApi::sdk_init and init success

Wed Oct 23 13:36:06 2019:license key is:B4CR-4OGU-ZIMS-YS4Q

Wed Oct 23 13:36:06 2019:license file path is:D:\FaceOfflineSample\license.ini

Wed Oct 23 13:36:06 2019:auth result in dll is success

Wed Oct 23 13:36:06 2019:db path is:D:\FaceOfflineSample\db\face.db and db already exist

Wed Oct 23 13:36:06 2019:in sdk init create_db

Wed Oct 23 13:36:06 2019:out BaiduFaceApi::sdk_init and init success

Wed Oct 23 13:36:25 2019:license key is:B4CR-4OGU-ZIMS-YS4Q

Wed Oct 23 13:36:25 2019:license file path is:D:\FaceOfflineSample\license.ini

Wed Oct 23 13:36:25 2019:auth result in dll is success

Wed Oct 23 13:36:25 2019:db path is:D:\FaceOfflineSample\db\face.db and db already exist

Wed Oct 23 13:36:25 2019:in sdk init create_db

Wed Oct 23 13:36:25 2019:out BaiduFaceApi::sdk_init and init success

Wed Oct 23 13:37:43 2019:license key is:B4CR-4OGU-ZIMS-YS4Q

Wed Oct 23 13:37:43 2019:license file path is:D:\FaceOfflineSample\license.ini

Wed Oct 23 13:37:43 2019:auth result in dll is success

Wed Oct 23 13:37:43 2019:db path is:D:\FaceOfflineSample\db\face.db and db already exist

Wed Oct 23 13:37:43 2019:in sdk init create_db

Wed Oct 23 13:37:43 2019:out BaiduFaceApi::sdk_init and init success

Wed Oct 23 13:38:21 2019:license key is:B4CR-4OGU-ZIMS-YS4Q

Wed Oct 23 13:38:21 2019:license file path is:D:\FaceOfflineSample\license.ini

Wed Oct 23 13:38:21 2019:auth result in dll is success

Wed Oct 23 13:38:21 2019:db path is:D:\FaceOfflineSample\db\face.db and db already exist

Wed Oct 23 13:38:21 2019:in sdk init create_db

Wed Oct 23 13:38:21 2019:out BaiduFaceApi::sdk_init and init success

Wed Oct 23 13:42:09 2019:license key is:B4CR-4OGU-ZIMS-YS4Q

Wed Oct 23 13:42:09 2019:license file path is:D:\FaceOfflineSample\license.ini

Wed Oct 23 13:42:09 2019:auth result in dll is success

Wed Oct 23 13:42:09 2019:db path is:D:\FaceOfflineSample\db\face.db and db already exist

Wed Oct 23 13:42:09 2019:in sdk init create_db

Wed Oct 23 13:42:09 2019:out BaiduFaceApi::sdk_init and init success

Wed Oct 23 13:43:07 2019:license key is:B4CR-4OGU-ZIMS-YS4Q

Wed Oct 23 13:43:07 2019:license file path is:D:\FaceOfflineSample\license.ini

Wed Oct 23 13:43:07 2019:auth result in dll is success

Wed Oct 23 13:43:07 2019:db path is:D:\FaceOfflineSample\db\face.db and db already exist

Wed Oct 23 13:43:07 2019:in sdk init create_db

Wed Oct 23 13:43:07 2019:out BaiduFaceApi::sdk_init and init success

Wed Oct 23 13:44:46 2019:license key is:B4CR-4OGU-ZIMS-YS4Q

Wed Oct 23 13:44:46 2019:license file path is:D:\FaceOfflineSample\license.ini

Wed Oct 23 13:44:46 2019:auth result in dll is success

Wed Oct 23 13:44:46 2019:db path is:D:\FaceOfflineSample\db\face.db and db already exist

Wed Oct 23 13:44:46 2019:in sdk init create_db

Wed Oct 23 13:44:46 2019:out BaiduFaceApi::sdk_init and init success

Wed Oct 23 13:45:44 2019:license key is:B4CR-4OGU-ZIMS-YS4Q

Wed Oct 23 13:45:44 2019:license file path is:D:\FaceOfflineSample\license.ini

Wed Oct 23 13:45:44 2019:auth result in dll is success

Wed Oct 23 13:45:44 2019:db path is:D:\FaceOfflineSample\db\face.db and db already exist

Wed Oct 23 13:45:44 2019:in sdk init create_db

Wed Oct 23 13:45:44 2019:out BaiduFaceApi::sdk_init and init success

Wed Oct 23 13:46:25 2019:license key is:B4CR-4OGU-ZIMS-YS4Q

Wed Oct 23 13:46:25 2019:license file path is:D:\FaceOfflineSample\license.ini

Wed Oct 23 13:46:25 2019:auth result in dll is success

Wed Oct 23 13:46:25 2019:db path is:D:\FaceOfflineSample\db\face.db and db already exist

Wed Oct 23 13:46:25 2019:in sdk init create_db

Wed Oct 23 13:46:25 2019:out BaiduFaceApi::sdk_init and init success

Wed Oct 23 13:48:37 2019:license key is:B4CR-4OGU-ZIMS-YS4Q

Wed Oct 23 13:48:37 2019:license file path is:D:\FaceOfflineSample\license.ini

Wed Oct 23 13:48:37 2019:auth result in dll is success

Wed Oct 23 13:48:37 2019:db path is:D:\FaceOfflineSample\db\face.db and db already exist

Wed Oct 23 13:48:37 2019:in sdk init create_db

Wed Oct 23 13:48:37 2019:out BaiduFaceApi::sdk_init and init success

Wed Oct 23 13:55:03 2019:license key is:B4CR-4OGU-ZIMS-YS4Q

Wed Oct 23 13:55:03 2019:license file path is:D:\FaceOfflineSample\license.ini

Wed Oct 23 13:55:03 2019:auth result in dll is success

Wed Oct 23 13:55:03 2019:db path is:D:\FaceOfflineSample\db\face.db and db already exist

Wed Oct 23 13:55:03 2019:in sdk init create_db

Wed Oct 23 13:55:03 2019:out BaiduFaceApi::sdk_init and init success

Wed Oct 23 13:55:39 2019:license key is:B4CR-4OGU-ZIMS-YS4Q

Wed Oct 23 13:55:39 2019:license file path is:D:\FaceOfflineSample\license.ini

Wed Oct 23 13:55:39 2019:auth result in dll is success

Wed Oct 23 13:55:39 2019:db path is:D:\FaceOfflineSample\db\face.db and db already exist

Wed Oct 23 13:55:39 2019:in sdk init create_db

Wed Oct 23 13:55:39 2019:out BaiduFaceApi::sdk_init and init success

Wed Oct 23 13:58:44 2019:license key is:B4CR-4OGU-ZIMS-YS4Q

Wed Oct 23 13:58:44 2019:license file path is:D:\FaceOfflineSample\license.ini

Wed Oct 23 13:58:44 2019:auth result in dll is success

Wed Oct 23 13:58:44 2019:db path is:D:\FaceOfflineSample\db\face.db and db already exist

Wed Oct 23 13:58:44 2019:in sdk init create_db

Wed Oct 23 13:58:44 2019:out BaiduFaceApi::sdk_init and init success

Wed Oct 23 14:00:29 2019:license key is:B4CR-4OGU-ZIMS-YS4Q

Wed Oct 23 14:00:29 2019:license file path is:D:\FaceOfflineSample\license.ini

Wed Oct 23 14:00:29 2019:auth result in dll is success

Wed Oct 23 14:00:29 2019:db path is:D:\FaceOfflineSample\db\face.db and db already exist

Wed Oct 23 14:00:29 2019:in sdk init create_db

Wed Oct 23 14:00:29 2019:out BaiduFaceApi::sdk_init and init success

Wed Oct 23 14:01:46 2019:license key is:B4CR-4OGU-ZIMS-YS4Q

Wed Oct 23 14:01:46 2019:license file path is:D:\FaceOfflineSample\license.ini

Wed Oct 23 14:01:46 2019:auth result in dll is success

Wed Oct 23 14:01:46 2019:db path is:D:\FaceOfflineSample\db\face.db and db already exist

Wed Oct 23 14:01:46 2019:in sdk init create_db

Wed Oct 23 14:01:46 2019:out BaiduFaceApi::sdk_init and init success

Wed Oct 23 14:02:01 2019:license key is:B4CR-4OGU-ZIMS-YS4Q

Wed Oct 23 14:02:01 2019:license file path is:D:\FaceOfflineSample\license.ini

Wed Oct 23 14:02:01 2019:auth result in dll is success

Wed Oct 23 14:02:01 2019:db path is:D:\FaceOfflineSample\db\face.db and db already exist

Wed Oct 23 14:02:01 2019:in sdk init create_db

Wed Oct 23 14:02:01 2019:out BaiduFaceApi::sdk_init and init success

Wed Oct 23 14:03:44 2019:license key is:B4CR-4OGU-ZIMS-YS4Q

Wed Oct 23 14:03:44 2019:license file path is:D:\FaceOfflineSample\license.ini

Wed Oct 23 14:03:44 2019:auth result in dll is success

Wed Oct 23 14:03:44 2019:db path is:D:\FaceOfflineSample\db\face.db and db already exist

Wed Oct 23 14:03:44 2019:in sdk init create_db

Wed Oct 23 14:03:44 2019:out BaiduFaceApi::sdk_init and init success

Wed Oct 23 14:19:01 2019:license key is:B4CR-4OGU-ZIMS-YS4Q

Wed Oct 23 14:19:01 2019:license file path is:D:\FaceOfflineSample\license.ini

Wed Oct 23 14:19:01 2019:auth result in dll is success

Wed Oct 23 14:19:01 2019:db path is:D:\FaceOfflineSample\db\face.db and db already exist

Wed Oct 23 14:19:01 2019:in sdk init create_db

Wed Oct 23 14:19:01 2019:out BaiduFaceApi::sdk_init and init success

Wed Oct 30 09:46:47 2019:license key is:B4CR-4OGU-ZIMS-YS4Q

Wed Oct 30 09:46:47 2019:license file path is:D:\FaceOfflineSample\license.ini

Wed Oct 30 09:46:47 2019:auth result in dll is success

Wed Oct 30 09:46:47 2019:db path is:D:\FaceOfflineSample\db\face.db and db already exist

Wed Oct 30 09:46:47 2019:in sdk init create_db

Wed Oct 30 09:46:47 2019:out BaiduFaceApi::sdk_init and init success

